{
  "RSpec": {
    "coverage": {
      "/Users/claire/turing/2module/project/idea_box/config/environment.rb": [
        null,
        1,
        null,
        null,
        1
      ],
      "/Users/claire/turing/2module/project/idea_box/config/application.rb": [
        1,
        null,
        1,
        null,
        1,
        1,
        1,
        1,
        1,
        1,
        1,
        1,
        null,
        null,
        null,
        null,
        1,
        null,
        1,
        1,
        null,
        1,
        null,
        null,
        null,
        null,
        null,
        null,
        1,
        null,
        null
      ],
      "/Users/claire/turing/2module/project/idea_box/config/boot.rb": [
        1,
        null,
        1
      ],
      "/Users/claire/turing/2module/project/idea_box/config/environments/test.rb": [
        1,
        null,
        null,
        null,
        null,
        null,
        null,
        1,
        null,
        null,
        null,
        null,
        1,
        null,
        null,
        1,
        1,
        null,
        null,
        null,
        null,
        1,
        1,
        null,
        null,
        1,
        null,
        null,
        1,
        1,
        null,
        null,
        null,
        null,
        1,
        null,
        null,
        1,
        null,
        null,
        null,
        null
      ],
      "/Users/claire/turing/2module/project/idea_box/config/initializers/application_controller_renderer.rb": [
        null,
        null,
        null,
        null,
        null,
        null,
        null,
        null
      ],
      "/Users/claire/turing/2module/project/idea_box/config/initializers/assets.rb": [
        null,
        null,
        null,
        1,
        null,
        null,
        null,
        null,
        1,
        null,
        null,
        null,
        null,
        null
      ],
      "/Users/claire/turing/2module/project/idea_box/config/initializers/backtrace_silencers.rb": [
        null,
        null,
        null,
        null,
        null,
        null,
        null
      ],
      "/Users/claire/turing/2module/project/idea_box/config/initializers/cookies_serializer.rb": [
        null,
        null,
        null,
        null,
        1
      ],
      "/Users/claire/turing/2module/project/idea_box/config/initializers/filter_parameter_logging.rb": [
        null,
        null,
        null,
        1
      ],
      "/Users/claire/turing/2module/project/idea_box/config/initializers/inflections.rb": [
        null,
        null,
        null,
        null,
        null,
        null,
        null,
        null,
        null,
        null,
        null,
        null,
        null,
        null,
        null,
        null
      ],
      "/Users/claire/turing/2module/project/idea_box/config/initializers/mime_types.rb": [
        null,
        null,
        null,
        null
      ],
      "/Users/claire/turing/2module/project/idea_box/config/initializers/wrap_parameters.rb": [
        null,
        null,
        null,
        null,
        null,
        null,
        1,
        2,
        null,
        null,
        null,
        null,
        null,
        null
      ],
      "/Users/claire/turing/2module/project/idea_box/config/routes.rb": [
        1,
        null,
        1,
        1,
        null,
        null
      ],
      "/Users/claire/turing/2module/project/idea_box/app/helpers/application_helper.rb": [
        1,
        null
      ],
      "/Users/claire/turing/2module/project/idea_box/spec/models/category_spec.rb": [
        1,
        null,
        1,
        1,
        2,
        null,
        1,
        2,
        null,
        null
      ],
      "/Users/claire/turing/2module/project/idea_box/app/models/category.rb": [
        1,
        1,
        null,
        1,
        null
      ],
      "/Users/claire/turing/2module/project/idea_box/app/models/application_record.rb": [
        1,
        1,
        null
      ],
      "/Users/claire/turing/2module/project/idea_box/spec/models/idea_images_spec.rb": [
        1,
        null,
        1,
        1,
        2,
        2,
        null,
        null
      ],
      "/Users/claire/turing/2module/project/idea_box/app/models/idea_image.rb": [
        1,
        1,
        1,
        null
      ],
      "/Users/claire/turing/2module/project/idea_box/spec/models/idea_spec.rb": [
        1,
        null,
        1,
        1,
        2,
        2,
        null,
        null,
        1,
        2,
        2,
        2,
        2,
        null,
        null
      ],
      "/Users/claire/turing/2module/project/idea_box/app/models/idea.rb": [
        1,
        1,
        null,
        1,
        1,
        1,
        1,
        null
      ],
      "/Users/claire/turing/2module/project/idea_box/spec/models/image_spec.rb": [
        1,
        null,
        1,
        1,
        2,
        2,
        null,
        null,
        1,
        2,
        2,
        null,
        null
      ],
      "/Users/claire/turing/2module/project/idea_box/app/models/image.rb": [
        1,
        1,
        null,
        1,
        1,
        null
      ],
      "/Users/claire/turing/2module/project/idea_box/spec/models/user_spec.rb": [
        1,
        null,
        1,
        1,
        2,
        2,
        2,
        2,
        2,
        2,
        null,
        null,
        1,
        2,
        null,
        null
      ],
      "/Users/claire/turing/2module/project/idea_box/app/models/user.rb": [
        1,
        1,
        1,
        1,
        null,
        1,
        null,
        1,
        null
      ],
      "/Users/claire/turing/2module/project/idea_box/app/controllers/ideas_controller.rb": [
        1,
        null,
        1,
        0,
        0,
        null,
        null,
        1,
        0,
        null,
        null,
        1,
        1,
        1,
        null,
        null,
        1,
        1,
        1,
        1,
        0,
        null,
        1,
        null,
        null,
        null,
        1,
        null,
        1,
        1,
        null,
        null
      ],
      "/Users/claire/turing/2module/project/idea_box/app/controllers/application_controller.rb": [
        1,
        1,
        null
      ]
    },
    "timestamp": 1531802749
  }
}
